# JRE version: OpenJDK Runtime Environment Temurin-17.0.4.1+1 (17.0.4.1+1) (build 17.0.4.1+1)
# Java VM: OpenJDK 64-Bit Server VM Temurin-17.0.4.1+1 (17.0.4.1+1, mixed mode, emulated-client, tiered, compressed oops, compressed class ptrs, g1 gc, windows-amd64)
GC Precious Log:
 CPUs: 2 total, 2 available
 Memory: 3935M
 Large Page Support: Disabled
 NUMA Support: Disabled
 Compressed Oops: Enabled (32-bit)
 Heap Region Size: 1M
 Heap Min Capacity: 8M
 Heap Initial Capacity: 62M
 Heap Max Capacity: 984M
 Pre-touch: Disabled
 Parallel Workers: 2
 Concurrent Workers: 1
 Concurrent Refinement Workers: 2
 Periodic GC: Disabled
Heap:
 garbage-first heap   total 83968K, used 44292K [0x00000000c2800000, 0x0000000100000000)
  region size 1024K, 2 young (2048K), 1 survivors (1024K)
 Metaspace       used 70316K, committed 70848K, reserved 1114112K
  class space    used 9447K, committed 9664K, reserved 1048576K
GC Heap History (20 events):
Event: 682.627 GC heap before
{Heap before GC invocations=53 (full 4):
 garbage-first heap   total 71680K, used 55380K [0x00000000c2800000, 0x0000000100000000)
  region size 1024K, 32 young (32768K), 3 survivors (3072K)
 Metaspace       used 67388K, committed 68032K, reserved 1114112K
  class space    used 9075K, committed 9344K, reserved 1048576K
}
Event: 682.637 GC heap after
{Heap after GC invocations=54 (full 4):
 garbage-first heap   total 71680K, used 27055K [0x00000000c2800000, 0x0000000100000000)
  region size 1024K, 2 young (2048K), 2 survivors (2048K)
 Metaspace       used 67388K, committed 68032K, reserved 1114112K
  class space    used 9075K, committed 9344K, reserved 1048576K
}
Event: 684.031 GC heap before
{Heap before GC invocations=54 (full 4):
 garbage-first heap   total 71680K, used 55727K [0x00000000c2800000, 0x0000000100000000)
  region size 1024K, 30 young (30720K), 2 survivors (2048K)
 Metaspace       used 67495K, committed 68032K, reserved 1114112K
  class space    used 9089K, committed 9344K, reserved 1048576K
}
Event: 684.043 GC heap after
{Heap after GC invocations=55 (full 4):
 garbage-first heap   total 71680K, used 28940K [0x00000000c2800000, 0x0000000100000000)
  region size 1024K, 4 young (4096K), 4 survivors (4096K)
 Metaspace       used 67495K, committed 68032K, reserved 1114112K
  class space    used 9089K, committed 9344K, reserved 1048576K
}
Event: 714.863 GC heap before
{Heap before GC invocations=55 (full 4):
 garbage-first heap   total 71680K, used 37132K [0x00000000c2800000, 0x0000000100000000)
  region size 1024K, 13 young (13312K), 4 survivors (4096K)
 Metaspace       used 67502K, committed 68032K, reserved 1114112K
  class space    used 9090K, committed 9344K, reserved 1048576K
}
Event: 714.949 GC heap after
{Heap after GC invocations=56 (full 5):
 garbage-first heap   total 71680K, used 22981K [0x00000000c2800000, 0x0000000100000000)
  region size 1024K, 0 young (0K), 0 survivors (0K)
 Metaspace       used 67185K, committed 67968K, reserved 1114112K
  class space    used 9062K, committed 9344K, reserved 1048576K
}
Event: 716.294 GC heap before
{Heap before GC invocations=56 (full 5):
 garbage-first heap   total 71680K, used 55749K [0x00000000c2800000, 0x0000000100000000)
  region size 1024K, 33 young (33792K), 0 survivors (0K)
 Metaspace       used 67264K, committed 67968K, reserved 1114112K
  class space    used 9073K, committed 9344K, reserved 1048576K
}
Event: 716.302 GC heap after
{Heap after GC invocations=57 (full 5):
 garbage-first heap   total 71680K, used 25845K [0x00000000c2800000, 0x0000000100000000)
  region size 1024K, 3 young (3072K), 3 survivors (3072K)
 Metaspace       used 67264K, committed 67968K, reserved 1114112K
  class space    used 9073K, committed 9344K, reserved 1048576K
}
Event: 716.965 GC heap before
{Heap before GC invocations=57 (full 5):
 garbage-first heap   total 71680K, used 56565K [0x00000000c2800000, 0x0000000100000000)
  region size 1024K, 34 young (34816K), 3 survivors (3072K)
 Metaspace       used 67397K, committed 67968K, reserved 1114112K
  class space    used 9083K, committed 9344K, reserved 1048576K
}
Event: 716.974 GC heap after
{Heap after GC invocations=58 (full 5):
 garbage-first heap   total 71680K, used 27077K [0x00000000c2800000, 0x0000000100000000)
  region size 1024K, 4 young (4096K), 4 survivors (4096K)
 Metaspace       used 67397K, committed 67968K, reserved 1114112K
  class space    used 9083K, committed 9344K, reserved 1048576K
}
Event: 717.856 GC heap before
{Heap before GC invocations=58 (full 5):
 garbage-first heap   total 71680K, used 57797K [0x00000000c2800000, 0x0000000100000000)
  region size 1024K, 34 young (34816K), 4 survivors (4096K)
 Metaspace       used 67490K, committed 68032K, reserved 1114112K
  class space    used 9092K, committed 9344K, reserved 1048576K
}
Event: 717.876 GC heap after
{Heap after GC invocations=59 (full 5):
 garbage-first heap   total 71680K, used 29016K [0x00000000c2800000, 0x0000000100000000)
  region size 1024K, 4 young (4096K), 4 survivors (4096K)
 Metaspace       used 67490K, committed 68032K, reserved 1114112K
  class space    used 9092K, committed 9344K, reserved 1048576K
}
Event: 727.207 GC heap before
{Heap before GC invocations=59 (full 5):
 garbage-first heap   total 71680K, used 57688K [0x00000000c2800000, 0x0000000100000000)
  region size 1024K, 32 young (32768K), 4 survivors (4096K)
 Metaspace       used 69478K, committed 69952K, reserved 1114112K
  class space    used 9331K, committed 9536K, reserved 1048576K
}
Event: 727.223 GC heap after
{Heap after GC invocations=60 (full 5):
 garbage-first heap   total 71680K, used 37146K [0x00000000c2800000, 0x0000000100000000)
  region size 1024K, 4 young (4096K), 4 survivors (4096K)
 Metaspace       used 69478K, committed 69952K, reserved 1114112K
  class space    used 9331K, committed 9536K, reserved 1048576K
}
Event: 727.456 GC heap before
{Heap before GC invocations=60 (full 5):
 garbage-first heap   total 71680K, used 52506K [0x00000000c2800000, 0x0000000100000000)
  region size 1024K, 20 young (20480K), 4 survivors (4096K)
 Metaspace       used 69567K, committed 70080K, reserved 1114112K
  class space    used 9345K, committed 9600K, reserved 1048576K
}
Event: 727.462 GC heap after
{Heap after GC invocations=61 (full 5):
 garbage-first heap   total 71680K, used 42791K [0x00000000c2800000, 0x0000000100000000)
  region size 1024K, 3 young (3072K), 3 survivors (3072K)
 Metaspace       used 69567K, committed 70080K, reserved 1114112K
  class space    used 9345K, committed 9600K, reserved 1048576K
}
Event: 727.897 GC heap before
{Heap before GC invocations=62 (full 5):
 garbage-first heap   total 83968K, used 49959K [0x00000000c2800000, 0x0000000100000000)
  region size 1024K, 11 young (11264K), 3 survivors (3072K)
 Metaspace       used 70270K, committed 70784K, reserved 1114112K
  class space    used 9437K, committed 9664K, reserved 1048576K
}
Event: 727.905 GC heap after
{Heap after GC invocations=63 (full 5):
 garbage-first heap   total 83968K, used 45666K [0x00000000c2800000, 0x0000000100000000)
  region size 1024K, 2 young (2048K), 2 survivors (2048K)
 Metaspace       used 70270K, committed 70784K, reserved 1114112K
  class space    used 9437K, committed 9664K, reserved 1048576K
}
Event: 782.226 GC heap before
{Heap before GC invocations=63 (full 5):
 garbage-first heap   total 83968K, used 47714K [0x00000000c2800000, 0x0000000100000000)
  region size 1024K, 4 young (4096K), 2 survivors (2048K)
 Metaspace       used 70316K, committed 70848K, reserved 1114112K
  class space    used 9447K, committed 9664K, reserved 1048576K
}
Event: 782.270 GC heap after
{Heap after GC invocations=64 (full 5):
 garbage-first heap   total 83968K, used 44292K [0x00000000c2800000, 0x0000000100000000)
  region size 1024K, 1 young (1024K), 1 survivors (1024K)
 Metaspace       used 70316K, committed 70848K, reserved 1114112K
  class space    used 9447K, committed 9664K, reserved 1048576K
}

